C:\Program Files (x86)\Microsoft Visual Studio\2017\Community\Common7\IDE\VC\VCTargets\Microsoft.CppBuild.targets(387,5): warning MSB8028: The intermediate directory (Debug\) contains files shared from another project (Programming 1 Project.vcxproj).  This can lead to incorrect clean and rebuild behavior.
  SpaceAdventuresSDL.cpp
  Generating Code...
  Skipping... (no relevant changes detected)
  cSceneMgr.cpp
  cGame.cpp
  Games Programming 1 Project.vcxproj -> C:\Users\Fotis\source\repos\Games Programming 1 Project Final\Debug\Games Programming 1 Project.exe
  copying SDL2.dll to debug directory
  C:\Users\Fotis\Desktop\SDL2\SDL2-2.0.4\lib\x86\SDL2.dll
  1 File(s) copied
  C:\Users\Fotis\Desktop\SDL2\SDL2_image-2.0.1\lib\x86\libjpeg-9.dll
  C:\Users\Fotis\Desktop\SDL2\SDL2_image-2.0.1\lib\x86\libpng16-16.dll
  C:\Users\Fotis\Desktop\SDL2\SDL2_image-2.0.1\lib\x86\libtiff-5.dll
  C:\Users\Fotis\Desktop\SDL2\SDL2_image-2.0.1\lib\x86\libwebp-4.dll
  C:\Users\Fotis\Desktop\SDL2\SDL2_image-2.0.1\lib\x86\SDL2_image.dll
  C:\Users\Fotis\Desktop\SDL2\SDL2_image-2.0.1\lib\x86\zlib1.dll
  6 File(s) copied
  C:\Users\Fotis\Desktop\SDL2\SDL2_ttf-2.0.14\lib\x86\libfreetype-6.dll
  C:\Users\Fotis\Desktop\SDL2\SDL2_ttf-2.0.14\lib\x86\SDL2_ttf.dll
  C:\Users\Fotis\Desktop\SDL2\SDL2_ttf-2.0.14\lib\x86\zlib1.dll
  3 File(s) copied
  C:\Users\Fotis\Desktop\SDL2\SDL2_mixer-2.0.1\lib\x86\libFLAC-8.dll
  C:\Users\Fotis\Desktop\SDL2\SDL2_mixer-2.0.1\lib\x86\libmodplug-1.dll
  C:\Users\Fotis\Desktop\SDL2\SDL2_mixer-2.0.1\lib\x86\libogg-0.dll
  C:\Users\Fotis\Desktop\SDL2\SDL2_mixer-2.0.1\lib\x86\libvorbis-0.dll
  C:\Users\Fotis\Desktop\SDL2\SDL2_mixer-2.0.1\lib\x86\libvorbisfile-3.dll
  C:\Users\Fotis\Desktop\SDL2\SDL2_mixer-2.0.1\lib\x86\SDL2_mixer.dll
  C:\Users\Fotis\Desktop\SDL2\SDL2_mixer-2.0.1\lib\x86\smpeg2.dll
  7 File(s) copied
